============================= test session starts =============================
platform win32 -- Python 3.14.7, pytest-9.1.1, pluggy-1.6.0
PyQt5 5.15.11 -- Qt runtime 5.15.2 -- Qt compiled 5.15.2
rootdir: D:\Data\Dev\PyCharmProjects\Weather App\Weather App V 2.0\weather-app-pro
configfile: pytest.ini
testpaths: tests
plugins: cov-7.1.0, qt-4.5.0, requests-mock-1.12.1
collected 152 items

tests\test_api.py ....................................                   [ 23%]
tests\test_cache.py ......                                               [ 27%]
tests\test_condition_theme.py ..................                         [ 39%]
tests\test_contrast.py ......                                            [ 43%]
tests\test_favorites.py .........                                        [ 49%]
tests\test_favorites_bar.py ....                                         [ 51%]
tests\test_geocoding.py .................                                [ 63%]
tests\test_hourly_strip.py ...                                           [ 65%]
tests\test_key_setup.py ....                                             [ 67%]
tests\test_logging_setup.py ..                                           [ 69%]
tests\test_paths.py ...                                                  [ 71%]
tests\test_range_bar.py ....                                             [ 73%]
tests\test_settings.py ........                                          [ 78%]
tests\test_ui_console.py .......................                         [ 94%]
tests\test_utils.py ......                                               [ 98%]
tests\test_worker.py ...                                                 [100%]

=============================== tests coverage ================================
_______________ coverage: platform win32, python 3.14.7-final-0 _______________

Name                            Stmts   Miss  Cover
---------------------------------------------------
cache.py                           34      2    94%
config.py                          20      2    90%
crash_hooks.py                     21     21     0%
favorites.py                       65      4    94%
forecast_card.py                   40     40     0%
geocoding.py                       93      7    92%
logging_setup.py                   25      4    84%
main.py                            27     27     0%
managers\animation_manager.py      42     42     0%
managers\flag_manager.py           11      1    91%
managers\icon_manager.py           32     11    66%
managers\theme_manager.py          16      2    88%
settings.py                        69      5    93%
test_lottie.py                     24     24     0%
tests\test_logging_setup.py        27      1    96%
ui.py                             637     63    90%
utils.py                           19      2    89%
weather_api.py                    206     18    91%
weather_worker.py                  42      8    81%
widgets\detail_card.py             40     40     0%
widgets\favorites_bar.py           55      4    93%
widgets\forecast_table.py          67      1    99%
widgets\lottie_widget.py           40     40     0%
widgets\range_bar.py               49     21    57%
widgets\sky_widget.py             149     14    91%
---------------------------------------------------
TOTAL                            3046    404    87%

26 files skipped due to complete coverage.
============================= 152 passed in 1.65s =============================
